INFO 2025-07-09 16:31:48,229 autoreload 41004 49432 Watching for file changes with StatReloader
WARNING 2025-07-09 16:31:53,685 log 41004 25636 Not Found: /
WARNING 2025-07-09 16:31:53,685 basehttp 41004 25636 "GET / HTTP/1.1" 404 3998
WARNING 2025-07-09 16:31:54,283 log 41004 25636 Not Found: /favicon.ico
WARNING 2025-07-09 16:31:54,284 basehttp 41004 25636 "GET /favicon.ico HTTP/1.1" 404 4049
INFO 2025-07-09 16:32:35,084 basehttp 41004 29896 "GET /api/docs/ HTTP/1.1" 200 4477
INFO 2025-07-09 16:32:35,809 basehttp 41004 29896 "GET /api/schema/ HTTP/1.1" 200 199338
INFO 2025-07-09 16:33:03,880 basehttp 41004 29896 "GET /admin/ HTTP/1.1" 302 0
INFO 2025-07-09 16:33:03,904 basehttp 41004 29896 "GET /admin/login/?next=/admin/ HTTP/1.1" 200 4216
INFO 2025-07-09 16:33:04,001 basehttp 41004 29896 "GET /static/admin/css/base.css HTTP/1.1" 200 21207
INFO 2025-07-09 16:33:04,003 basehttp 41004 29896 "GET /static/admin/css/login.css HTTP/1.1" 200 958
INFO 2025-07-09 16:33:04,006 basehttp 41004 35660 "GET /static/admin/css/nav_sidebar.css HTTP/1.1" 200 2694
INFO 2025-07-09 16:33:04,006 basehttp 41004 50736 "GET /static/admin/css/dark_mode.css HTTP/1.1" 200 2929
INFO 2025-07-09 16:33:04,007 basehttp 41004 29896 "GET /static/admin/css/responsive.css HTTP/1.1" 200 18533
INFO 2025-07-09 16:33:04,276 basehttp 41004 50736 "GET /static/admin/js/theme.js HTTP/1.1" 200 1943
INFO 2025-07-09 16:33:04,276 basehttp 41004 29896 "GET /static/admin/js/nav_sidebar.js HTTP/1.1" 200 3063
WARNING 2025-07-09 16:33:04,473 log 41004 50736 Not Found: /favicon.ico
WARNING 2025-07-09 16:33:04,474 basehttp 41004 50736 "GET /favicon.ico HTTP/1.1" 404 4049
INFO 2025-07-09 16:33:11,168 basehttp 41004 50736 "POST /admin/login/?next=/admin/ HTTP/1.1" 302 0
INFO 2025-07-09 16:33:11,209 basehttp 41004 50736 "GET /admin/ HTTP/1.1" 200 14402
INFO 2025-07-09 16:33:11,249 basehttp 41004 50736 "GET /static/admin/css/dashboard.css HTTP/1.1" 200 441
INFO 2025-07-09 16:33:11,352 basehttp 41004 29896 "GET /static/admin/img/icon-changelink.svg HTTP/1.1" 200 380
INFO 2025-07-09 16:33:11,352 basehttp 41004 50736 "GET /static/admin/img/icon-addlink.svg HTTP/1.1" 200 331
WARNING 2025-07-09 16:33:11,476 log 41004 50736 Not Found: /favicon.ico
WARNING 2025-07-09 16:33:11,477 basehttp 41004 50736 "GET /favicon.ico HTTP/1.1" 404 4049
WARNING 2025-07-09 16:33:11,491 log 41004 50736 Not Found: /favicon.ico
WARNING 2025-07-09 16:33:11,492 basehttp 41004 50736 "GET /favicon.ico HTTP/1.1" 404 4049
INFO 2025-07-09 16:33:21,189 basehttp 41004 50736 "GET /admin/ HTTP/1.1" 200 14402
INFO 2025-07-09 16:33:25,451 basehttp 41004 50736 "GET /admin/awards/award/add/ HTTP/1.1" 200 19692
INFO 2025-07-09 16:33:25,489 basehttp 41004 50736 "GET /static/admin/css/forms.css HTTP/1.1" 200 9047
INFO 2025-07-09 16:33:25,501 basehttp 41004 4052 "GET /static/admin/js/jquery.init.js HTTP/1.1" 200 347
INFO 2025-07-09 16:33:25,501 basehttp 41004 53132 "GET /static/admin/js/core.js HTTP/1.1" 200 5682
INFO 2025-07-09 16:33:25,502 basehttp 41004 50736 "GET /static/admin/js/admin/RelatedObjectLookups.js HTTP/1.1" 200 8943
INFO 2025-07-09 16:33:25,504 basehttp 41004 50736 "GET /static/admin/js/prepopulate.js HTTP/1.1" 200 1531
INFO 2025-07-09 16:33:25,505 basehttp 41004 4052 "GET /static/admin/js/actions.js HTTP/1.1" 200 7872
INFO 2025-07-09 16:33:25,505 basehttp 41004 53132 "GET /static/admin/js/urlify.js HTTP/1.1" 200 7887
INFO 2025-07-09 16:33:25,506 basehttp 41004 35660 "GET /static/admin/js/vendor/jquery/jquery.js HTTP/1.1" 200 292458
INFO 2025-07-09 16:33:25,508 basehttp 41004 50736 "GET /static/admin/js/vendor/xregexp/xregexp.js HTTP/1.1" 200 232381
INFO 2025-07-09 16:33:25,508 basehttp 41004 4052 "GET /static/admin/js/prepopulate_init.js HTTP/1.1" 200 586
INFO 2025-07-09 16:33:25,508 basehttp 41004 35660 "GET /static/admin/img/icon-viewlink.svg HTTP/1.1" 200 581
INFO 2025-07-09 16:33:25,520 basehttp 41004 29896 "GET /admin/jsi18n/ HTTP/1.1" 200 8560
INFO 2025-07-09 16:33:25,655 basehttp 41004 29896 "GET /static/admin/css/widgets.css HTTP/1.1" 200 11900
INFO 2025-07-09 16:33:25,666 basehttp 41004 29896 "GET /static/admin/js/change_form.js HTTP/1.1" 200 606
INFO 2025-07-09 16:33:30,847 basehttp 41004 29896 "GET /admin/ HTTP/1.1" 200 14402
INFO 2025-07-09 16:33:33,417 basehttp 41004 29896 "GET /admin/awards/award/ HTTP/1.1" 200 15163
INFO 2025-07-09 16:33:33,458 basehttp 41004 29896 "GET /static/admin/css/changelists.css HTTP/1.1" 200 6566
INFO 2025-07-09 16:33:33,470 basehttp 41004 29896 "GET /static/admin/img/search.svg HTTP/1.1" 200 458
INFO 2025-07-09 16:33:33,477 basehttp 41004 35660 "GET /admin/jsi18n/ HTTP/1.1" 200 8560
INFO 2025-07-09 16:33:33,556 basehttp 41004 35660 "GET /static/admin/js/filters.js HTTP/1.1" 200 978
INFO 2025-07-09 16:33:33,586 basehttp 41004 35660 "GET /static/admin/img/tooltag-add.svg HTTP/1.1" 200 331
INFO 2025-07-09 16:33:36,995 basehttp 41004 35660 "GET /admin/videos/video/add/ HTTP/1.1" 200 26757
INFO 2025-07-09 16:33:37,031 basehttp 41004 29896 "GET /static/admin/js/calendar.js HTTP/1.1" 200 8466
INFO 2025-07-09 16:33:37,031 basehttp 41004 4052 "GET /static/admin/js/admin/DateTimeShortcuts.js HTTP/1.1" 200 19319
INFO 2025-07-09 16:33:37,041 basehttp 41004 50736 "GET /static/admin/img/icon-deletelink.svg HTTP/1.1" 200 392
INFO 2025-07-09 16:33:37,045 basehttp 41004 35660 "GET /admin/jsi18n/ HTTP/1.1" 200 8560
INFO 2025-07-09 16:33:37,205 basehttp 41004 35660 "GET /static/admin/img/icon-calendar.svg HTTP/1.1" 200 1086
INFO 2025-07-09 16:33:37,205 basehttp 41004 50736 "GET /static/admin/img/icon-clock.svg HTTP/1.1" 200 677
INFO 2025-07-09 16:33:39,413 basehttp 41004 50736 "GET /admin/videos/ HTTP/1.1" 200 6467
INFO 2025-07-09 16:33:42,339 basehttp 41004 50736 "GET /admin/ HTTP/1.1" 200 14402
INFO 2025-07-09 16:33:45,685 basehttp 41004 50736 "GET /admin/videos/video/ HTTP/1.1" 200 16808
INFO 2025-07-09 16:33:45,736 basehttp 41004 50736 "GET /admin/jsi18n/ HTTP/1.1" 200 8560
WARNING 2025-07-09 16:33:50,174 log 41004 50736 Not Found: /
WARNING 2025-07-09 16:33:50,175 basehttp 41004 50736 "GET / HTTP/1.1" 404 3998
INFO 2025-07-09 16:33:52,723 basehttp 41004 50736 "GET /admin/videos/video/ HTTP/1.1" 200 16808
INFO 2025-07-09 16:34:45,226 basehttp 41004 50736 "GET /admin/ HTTP/1.1" 200 14402
INFO 2025-07-09 16:39:13,384 basehttp 41004 50736 "GET /api/schema/ HTTP/1.1" 200 93523
INFO 2025-07-09 16:39:13,953 basehttp 41004 15768 "GET /api/schema/ HTTP/1.1" 200 93523
INFO 2025-07-09 16:39:14,856 basehttp 41004 50736 "GET /api/schema/ HTTP/1.1" 200 93523
INFO 2025-07-09 16:39:24,207 basehttp 41004 50736 "GET /api/schema/ HTTP/1.1" 200 93523
INFO 2025-07-09 16:39:24,408 basehttp 41004 15768 "GET /api/schema/ HTTP/1.1" 200 93523
INFO 2025-07-09 16:40:19,020 basehttp 41004 16624 "GET /api/redoc/ HTTP/1.1" 200 751
INFO 2025-07-09 16:40:19,525 basehttp 41004 16624 "GET /api/schema/ HTTP/1.1" 200 93523
INFO 2025-07-09 16:41:37,897 basehttp 41004 16624 "GET /api/docs/ HTTP/1.1" 200 4477
INFO 2025-07-09 16:41:38,298 basehttp 41004 16624 "GET /api/schema/ HTTP/1.1" 200 199726
INFO 2025-07-09 16:41:55,049 basehttp 41004 16624 "GET /admin/awards/award/add/ HTTP/1.1" 200 19692
INFO 2025-07-09 16:41:55,100 basehttp 41004 16624 "GET /admin/jsi18n/ HTTP/1.1" 200 8560
INFO 2025-07-09 16:42:11,003 basehttp 41004 16624 "POST /admin/awards/award/add/ HTTP/1.1" 200 19852
INFO 2025-07-09 16:42:11,073 basehttp 41004 16624 "GET /admin/jsi18n/ HTTP/1.1" 200 8560
INFO 2025-07-09 16:42:15,630 basehttp 41004 16624 "GET /admin/competitions/competition/add/ HTTP/1.1" 200 21664
INFO 2025-07-09 16:42:15,683 basehttp 41004 16624 "GET /admin/jsi18n/ HTTP/1.1" 200 8560
INFO 2025-07-09 16:42:27,190 basehttp 41004 16624 "POST /admin/competitions/competition/add/ HTTP/1.1" 200 21844
INFO 2025-07-09 16:42:27,248 basehttp 41004 16624 "GET /admin/jsi18n/ HTTP/1.1" 200 8560
INFO 2025-07-09 16:42:35,202 basehttp 41004 16624 "POST /admin/competitions/competition/add/ HTTP/1.1" 302 0
INFO 2025-07-09 16:42:35,241 basehttp 41004 16624 "GET /admin/competitions/competition/ HTTP/1.1" 200 19680
INFO 2025-07-09 16:42:35,284 basehttp 41004 16624 "GET /admin/jsi18n/ HTTP/1.1" 200 8560
INFO 2025-07-09 16:42:35,386 basehttp 41004 36028 "GET /static/admin/img/sorting-icons.svg HTTP/1.1" 200 1097
INFO 2025-07-09 16:42:35,386 basehttp 41004 16624 "GET /static/admin/img/icon-yes.svg HTTP/1.1" 200 436
INFO 2025-07-09 16:42:38,053 basehttp 41004 16624 "GET /admin/awards/award/add/ HTTP/1.1" 200 19773
INFO 2025-07-09 16:42:38,123 basehttp 41004 16624 "GET /admin/jsi18n/ HTTP/1.1" 200 8560
INFO 2025-07-09 16:42:49,515 basehttp 41004 16624 "POST /admin/awards/award/add/ HTTP/1.1" 302 0
INFO 2025-07-09 16:42:49,550 basehttp 41004 16624 "GET /admin/awards/award/ HTTP/1.1" 200 18770
INFO 2025-07-09 16:42:49,603 basehttp 41004 16624 "GET /admin/jsi18n/ HTTP/1.1" 200 8560
INFO 2025-07-09 16:42:53,569 basehttp 41004 16624 "GET /admin/performances/performance/add/ HTTP/1.1" 200 21994
INFO 2025-07-09 16:42:53,621 basehttp 41004 16624 "GET /admin/jsi18n/ HTTP/1.1" 200 8560
INFO 2025-07-09 16:42:56,853 basehttp 41004 16624 "GET /admin/performances/ HTTP/1.1" 200 5657
INFO 2025-07-09 16:43:00,114 basehttp 41004 16624 "GET /admin/performances/performancevideo/ HTTP/1.1" 200 14885
INFO 2025-07-09 16:43:00,183 basehttp 41004 16624 "GET /admin/jsi18n/ HTTP/1.1" 200 8560
INFO 2025-07-09 16:43:04,979 basehttp 41004 16624 "GET /admin/performances/ HTTP/1.1" 200 5657
INFO 2025-07-09 16:43:07,831 basehttp 41004 16624 "GET /admin/ HTTP/1.1" 200 15105
INFO 2025-07-09 16:43:15,284 basehttp 41004 16624 "GET /admin/videos/video/add/ HTTP/1.1" 200 26757
INFO 2025-07-09 16:43:15,351 basehttp 41004 16624 "GET /admin/jsi18n/ HTTP/1.1" 200 8560
INFO 2025-07-09 16:46:27,822 basehttp 41004 16624 "GET /admin/videos/video/add/ HTTP/1.1" 200 26980
INFO 2025-07-09 16:46:27,870 basehttp 41004 16624 "GET /admin/jsi18n/ HTTP/1.1" 200 8560
INFO 2025-07-09 16:46:36,142 basehttp 41004 16624 "GET /admin/videos/video/ HTTP/1.1" 200 22574
INFO 2025-07-09 16:46:36,209 basehttp 41004 16624 "GET /admin/jsi18n/ HTTP/1.1" 200 8560
INFO 2025-07-09 16:47:27,438 basehttp 41004 30184 "GET /api/health/ HTTP/1.1" 200 78
INFO 2025-07-09 16:47:27,608 basehttp 41004 30184 "POST /api/auth/login/ HTTP/1.1" 200 938
INFO 2025-07-09 16:47:27,641 basehttp 41004 30184 "GET /api/videos/ HTTP/1.1" 200 2080
INFO 2025-07-09 16:47:27,667 basehttp 41004 30184 "GET /api/videos/afc351e0-a25f-4750-b7d1-8162dab21dc9/ HTTP/1.1" 200 750
ERROR 2025-07-09 16:47:27,718 log 41004 30184 Internal Server Error: /api/videos/afc351e0-a25f-4750-b7d1-8162dab21dc9/comments/
Traceback (most recent call last):
  File "C:\Users\Subway\miniconda3\Lib\site-packages\django\core\handlers\exception.py", line 55, in inner
    response = get_response(request)
               ^^^^^^^^^^^^^^^^^^^^^
  File "C:\Users\Subway\miniconda3\Lib\site-packages\django\core\handlers\base.py", line 197, in _get_response
    response = wrapped_callback(request, *callback_args, **callback_kwargs)
               ^^^^^^^^^^^^^^^^^^^^^^^^^^^^^^^^^^^^^^^^^^^^^^^^^^^^^^^^^^^^
  File "C:\Users\Subway\miniconda3\Lib\site-packages\django\views\decorators\csrf.py", line 56, in wrapper_view
    return view_func(*args, **kwargs)
           ^^^^^^^^^^^^^^^^^^^^^^^^^^
  File "C:\Users\Subway\miniconda3\Lib\site-packages\rest_framework\viewsets.py", line 125, in view
    return self.dispatch(request, *args, **kwargs)
           ^^^^^^^^^^^^^^^^^^^^^^^^^^^^^^^^^^^^^^^
  File "C:\Users\Subway\miniconda3\Lib\site-packages\rest_framework\views.py", line 509, in dispatch
    response = self.handle_exception(exc)
               ^^^^^^^^^^^^^^^^^^^^^^^^^^
  File "C:\Users\Subway\miniconda3\Lib\site-packages\rest_framework\views.py", line 469, in handle_exception
    self.raise_uncaught_exception(exc)
  File "C:\Users\Subway\miniconda3\Lib\site-packages\rest_framework\views.py", line 480, in raise_uncaught_exception
    raise exc
  File "C:\Users\Subway\miniconda3\Lib\site-packages\rest_framework\views.py", line 506, in dispatch
    response = handler(request, *args, **kwargs)
               ^^^^^^^^^^^^^^^^^^^^^^^^^^^^^^^^^
  File "C:\Users\Subway\cosplay_web\backend\apps\videos\views.py", line 95, in comments
    return Response(serializer.data)
                    ^^^^^^^^^^^^^^^
  File "C:\Users\Subway\miniconda3\Lib\site-packages\rest_framework\serializers.py", line 768, in data
    ret = super().data
          ^^^^^^^^^^^^
  File "C:\Users\Subway\miniconda3\Lib\site-packages\rest_framework\serializers.py", line 253, in data
    self._data = self.to_representation(self.instance)
                 ^^^^^^^^^^^^^^^^^^^^^^^^^^^^^^^^^^^^^
  File "C:\Users\Subway\miniconda3\Lib\site-packages\rest_framework\serializers.py", line 687, in to_representation
    self.child.to_representation(item) for item in iterable
    ^^^^^^^^^^^^^^^^^^^^^^^^^^^^^^^^^^
  File "C:\Users\Subway\miniconda3\Lib\site-packages\rest_framework\serializers.py", line 509, in to_representation
    attribute = field.get_attribute(instance)
                ^^^^^^^^^^^^^^^^^^^^^^^^^^^^^
  File "C:\Users\Subway\miniconda3\Lib\site-packages\rest_framework\fields.py", line 446, in get_attribute
    return get_attribute(instance, self.source_attrs)
           ^^^^^^^^^^^^^^^^^^^^^^^^^^^^^^^^^^^^^^^^^^
  File "C:\Users\Subway\miniconda3\Lib\site-packages\rest_framework\fields.py", line 96, in get_attribute
    instance = getattr(instance, attr)
               ^^^^^^^^^^^^^^^^^^^^^^^
  File "C:\Users\Subway\miniconda3\Lib\site-packages\django\db\models\fields\files.py", line 66, in url
    self._require_file()
  File "C:\Users\Subway\miniconda3\Lib\site-packages\django\db\models\fields\files.py", line 41, in _require_file
    raise ValueError(
ValueError: The 'avatar' attribute has no file associated with it.
ERROR 2025-07-09 16:47:27,721 basehttp 41004 30184 "GET /api/videos/afc351e0-a25f-4750-b7d1-8162dab21dc9/comments/ HTTP/1.1" 500 143851
INFO 2025-07-09 16:47:27,795 basehttp 41004 30184 "GET /api/groups/ HTTP/1.1" 200 2362
INFO 2025-07-09 16:47:27,819 basehttp 41004 30184 "GET /api/groups/cf40b32f-e7dc-41f4-b58b-bafbf9805653/ HTTP/1.1" 200 557
INFO 2025-07-09 16:47:27,850 basehttp 41004 30184 "GET /api/tags/ HTTP/1.1" 200 6068
INFO 2025-07-09 16:47:27,881 basehttp 41004 30184 "GET /api/performances/ HTTP/1.1" 200 1988
INFO 2025-07-09 16:47:27,892 basehttp 41004 30184 "GET /api/competitions/ HTTP/1.1" 200 1764
INFO 2025-07-09 16:47:27,903 basehttp 41004 30184 "GET /api/awards/ HTTP/1.1" 200 7397
INFO 2025-07-09 16:47:27,926 basehttp 41004 30184 "GET /api/auth/me/ HTTP/1.1" 200 447
WARNING 2025-07-09 16:47:27,957 log 41004 30184 Not Found: /api/users/profile/
WARNING 2025-07-09 16:47:27,957 basehttp 41004 30184 "GET /api/users/profile/ HTTP/1.1" 404 25
INFO 2025-07-09 16:47:27,994 basehttp 41004 30184 "GET /api/videos/?search=%E5%8E%9F%E7%A5%9E HTTP/1.1" 200 393
INFO 2025-07-09 16:47:28,027 basehttp 41004 30184 "GET /api/videos/?status=published HTTP/1.1" 200 2080
INFO 2025-07-09 16:47:28,037 basehttp 41004 30184 "GET /api/tags/?category=%E6%B8%B8%E6%88%8FIP HTTP/1.1" 200 6098
INFO 2025-07-09 16:47:28,044 basehttp 41004 30184 "GET /api/docs/ HTTP/1.1" 200 4477
INFO 2025-07-09 16:47:28,153 basehttp 41004 30184 "GET /api/schema/ HTTP/1.1" 200 93523
INFO 2025-07-09 16:47:55,308 basehttp 41004 41884 "GET /api/videos/ HTTP/1.1" 200 2080
INFO 2025-07-09 16:48:13,138 basehttp 41004 41884 "GET /api/groups/ HTTP/1.1" 200 2362
INFO 2025-07-09 17:19:05,655 basehttp 41004 29156 "GET /admin/competitions/competition/ HTTP/1.1" 200 21257
INFO 2025-07-09 17:19:05,705 basehttp 41004 29156 "GET /static/admin/css/base.css HTTP/1.1" 304 0
INFO 2025-07-09 17:19:05,707 basehttp 41004 29156 "GET /static/admin/css/dark_mode.css HTTP/1.1" 304 0
INFO 2025-07-09 17:19:05,708 basehttp 41004 29156 "GET /static/admin/css/nav_sidebar.css HTTP/1.1" 304 0
INFO 2025-07-09 17:19:05,710 basehttp 41004 29156 "GET /static/admin/css/changelists.css HTTP/1.1" 304 0
INFO 2025-07-09 17:19:05,711 basehttp 41004 29156 "GET /static/admin/css/responsive.css HTTP/1.1" 304 0
INFO 2025-07-09 17:19:05,722 basehttp 41004 29156 "GET /admin/jsi18n/ HTTP/1.1" 200 8560
INFO 2025-07-09 17:19:05,724 basehttp 41004 29156 "GET /static/admin/js/vendor/jquery/jquery.js HTTP/1.1" 304 0
INFO 2025-07-09 17:19:05,725 basehttp 41004 29156 "GET /static/admin/js/jquery.init.js HTTP/1.1" 304 0
INFO 2025-07-09 17:19:05,725 basehttp 41004 29156 "GET /static/admin/js/core.js HTTP/1.1" 304 0
INFO 2025-07-09 17:19:05,727 basehttp 41004 29156 "GET /static/admin/js/admin/RelatedObjectLookups.js HTTP/1.1" 304 0
INFO 2025-07-09 17:19:05,728 basehttp 41004 29156 "GET /static/admin/js/actions.js HTTP/1.1" 304 0
INFO 2025-07-09 17:19:05,729 basehttp 41004 29156 "GET /static/admin/js/urlify.js HTTP/1.1" 304 0
INFO 2025-07-09 17:19:05,729 basehttp 41004 29156 "GET /static/admin/js/prepopulate.js HTTP/1.1" 304 0
INFO 2025-07-09 17:19:05,730 basehttp 41004 29156 "GET /static/admin/js/vendor/xregexp/xregexp.js HTTP/1.1" 304 0
INFO 2025-07-09 17:19:05,731 basehttp 41004 29156 "GET /static/admin/img/search.svg HTTP/1.1" 304 0
INFO 2025-07-09 17:19:05,808 basehttp 41004 29156 "GET /static/admin/js/theme.js HTTP/1.1" 304 0
INFO 2025-07-09 17:19:05,808 basehttp 41004 18448 "GET /static/admin/js/nav_sidebar.js HTTP/1.1" 304 0
INFO 2025-07-09 17:19:05,832 basehttp 41004 18448 "GET /static/admin/js/filters.js HTTP/1.1" 304 0
INFO 2025-07-09 17:19:05,835 basehttp 41004 18448 "GET /static/admin/img/icon-addlink.svg HTTP/1.1" 304 0
INFO 2025-07-09 17:19:05,835 basehttp 41004 29156 "GET /static/admin/img/tooltag-add.svg HTTP/1.1" 304 0
INFO 2025-07-09 17:19:05,836 basehttp 41004 29156 "GET /static/admin/img/sorting-icons.svg HTTP/1.1" 304 0
INFO 2025-07-09 17:19:07,390 basehttp 41004 29156 "GET /admin/tags/tag/ HTTP/1.1" 200 28666
INFO 2025-07-09 17:19:07,440 basehttp 41004 18448 "GET /static/admin/img/icon-yes.svg HTTP/1.1" 304 0
INFO 2025-07-09 17:19:07,463 basehttp 41004 29156 "GET /admin/jsi18n/ HTTP/1.1" 200 8560
INFO 2025-07-09 17:19:15,968 basehttp 41004 29156 "GET /admin/videos/video/ HTTP/1.1" 200 22574
INFO 2025-07-09 17:19:16,022 basehttp 41004 29156 "GET /admin/jsi18n/ HTTP/1.1" 200 8560
INFO 2025-07-09 17:19:17,091 basehttp 41004 29156 "GET /admin/performances/performancevideo/ HTTP/1.1" 200 18036
INFO 2025-07-09 17:19:17,132 basehttp 41004 29156 "GET /admin/jsi18n/ HTTP/1.1" 200 8560
INFO 2025-07-09 17:19:20,236 basehttp 41004 29156 "GET /admin/performances/performance/ HTTP/1.1" 200 20894
INFO 2025-07-09 17:19:20,311 basehttp 41004 29156 "GET /admin/jsi18n/ HTTP/1.1" 200 8560
INFO 2025-07-09 17:19:22,041 basehttp 41004 29156 "GET /admin/performances/performancevideo/ HTTP/1.1" 200 18036
INFO 2025-07-09 17:19:22,096 basehttp 41004 29156 "GET /admin/jsi18n/ HTTP/1.1" 200 8560
INFO 2025-07-09 17:19:25,027 basehttp 41004 29156 "GET /admin/performances/performance/ HTTP/1.1" 200 20894
INFO 2025-07-09 17:19:25,070 basehttp 41004 29156 "GET /admin/jsi18n/ HTTP/1.1" 200 8560
INFO 2025-07-09 17:19:29,318 basehttp 41004 29156 "GET /admin/performances/performancevideo/ HTTP/1.1" 200 18036
INFO 2025-07-09 17:19:29,371 basehttp 41004 29156 "GET /admin/jsi18n/ HTTP/1.1" 200 8560
INFO 2025-07-09 17:19:31,015 basehttp 41004 29156 "GET /admin/performances/performance/ HTTP/1.1" 200 20894
INFO 2025-07-09 17:19:31,059 basehttp 41004 29156 "GET /admin/jsi18n/ HTTP/1.1" 200 8560
INFO 2025-07-09 17:19:34,551 basehttp 41004 29156 "GET /admin/performances/performance/996d2b69-7736-443e-8a52-f74370976094/change/ HTTP/1.1" 200 22810
INFO 2025-07-09 17:19:34,586 basehttp 41004 29156 "GET /static/admin/css/forms.css HTTP/1.1" 304 0
INFO 2025-07-09 17:19:34,599 basehttp 41004 18448 "GET /static/admin/js/calendar.js HTTP/1.1" 304 0
INFO 2025-07-09 17:19:34,599 basehttp 41004 53588 "GET /static/admin/img/icon-changelink.svg HTTP/1.1" 304 0
INFO 2025-07-09 17:19:34,599 basehttp 41004 3368 "GET /static/admin/img/icon-deletelink.svg HTTP/1.1" 304 0
INFO 2025-07-09 17:19:34,600 basehttp 41004 17640 "GET /static/admin/js/admin/DateTimeShortcuts.js HTTP/1.1" 304 0
INFO 2025-07-09 17:19:34,616 basehttp 41004 29156 "GET /admin/jsi18n/ HTTP/1.1" 200 8560
INFO 2025-07-09 17:19:34,670 basehttp 41004 29156 "GET /static/admin/css/widgets.css HTTP/1.1" 304 0
INFO 2025-07-09 17:19:34,670 basehttp 41004 17640 "GET /static/admin/img/icon-viewlink.svg HTTP/1.1" 304 0
INFO 2025-07-09 17:19:34,670 basehttp 41004 3368 "GET /static/admin/js/prepopulate_init.js HTTP/1.1" 304 0
INFO 2025-07-09 17:19:34,678 basehttp 41004 3368 "GET /static/admin/js/change_form.js HTTP/1.1" 304 0
INFO 2025-07-09 17:19:34,757 basehttp 41004 3368 "GET /static/admin/img/icon-calendar.svg HTTP/1.1" 304 0
INFO 2025-07-09 17:19:41,295 basehttp 41004 3368 "GET /admin/videos/video/ HTTP/1.1" 200 22574
INFO 2025-07-09 17:19:41,336 basehttp 41004 3368 "GET /admin/jsi18n/ HTTP/1.1" 200 8560
INFO 2025-07-09 17:19:44,043 basehttp 41004 3368 "GET /admin/videos/video/afc351e0-a25f-4750-b7d1-8162dab21dc9/change/ HTTP/1.1" 200 27930
INFO 2025-07-09 17:19:44,102 basehttp 41004 3368 "GET /admin/jsi18n/ HTTP/1.1" 200 8560
INFO 2025-07-09 17:19:44,188 basehttp 41004 3368 "GET /static/admin/img/tooltag-arrowright.svg HTTP/1.1" 200 280
INFO 2025-07-09 17:19:44,270 basehttp 41004 3368 "GET /static/admin/img/icon-clock.svg HTTP/1.1" 304 0
INFO 2025-07-09 17:19:54,285 basehttp 41004 3368 "GET /admin/groups/group/ HTTP/1.1" 200 20054
INFO 2025-07-09 17:19:54,339 basehttp 41004 3368 "GET /admin/jsi18n/ HTTP/1.1" 200 8560
INFO 2025-07-09 17:19:54,405 basehttp 41004 3368 "GET /static/admin/img/icon-no.svg HTTP/1.1" 200 560
INFO 2025-07-09 17:19:55,775 basehttp 41004 3368 "GET /admin/groups/group/6b238b1d-7211-4d7b-8da6-1811a1bd7562/change/ HTTP/1.1" 200 27824
INFO 2025-07-09 17:19:55,819 basehttp 41004 3368 "GET /admin/jsi18n/ HTTP/1.1" 200 8560
INFO 2025-07-09 17:19:59,680 basehttp 41004 3368 "GET /admin/groups/groupfollower/ HTTP/1.1" 200 21144
INFO 2025-07-09 17:19:59,725 basehttp 41004 3368 "GET /admin/jsi18n/ HTTP/1.1" 200 8560
INFO 2025-07-09 17:20:07,935 basehttp 41004 3368 "GET /admin/groups/groupmember/ HTTP/1.1" 200 22883
INFO 2025-07-09 17:20:08,001 basehttp 41004 3368 "GET /admin/jsi18n/ HTTP/1.1" 200 8560
INFO 2025-07-09 17:20:16,429 basehttp 41004 3368 "GET /admin/tags/videotag/ HTTP/1.1" 200 24312
INFO 2025-07-09 17:20:16,475 basehttp 41004 3368 "GET /admin/jsi18n/ HTTP/1.1" 200 8560
INFO 2025-07-09 17:20:21,044 basehttp 41004 3368 "GET /admin/tags/tag/ HTTP/1.1" 200 28666
INFO 2025-07-09 17:20:21,110 basehttp 41004 3368 "GET /admin/jsi18n/ HTTP/1.1" 200 8560
INFO 2025-07-09 17:20:22,210 basehttp 41004 3368 "GET /admin/awards/awardrecord/ HTTP/1.1" 200 20088
INFO 2025-07-09 17:20:22,285 basehttp 41004 3368 "GET /admin/jsi18n/ HTTP/1.1" 200 8560
WARNING 2025-07-09 18:14:50,227 log 41004 49644 Not Found: /api
WARNING 2025-07-09 18:14:50,227 basehttp 41004 49644 "GET /api HTTP/1.1" 404 4025
INFO 2025-07-09 18:18:27,489 basehttp 41004 49644 "GET /admin/awards/awardrecord/?award__competition__id__exact=c64f825e-78cd-4144-b503-56f977befdea HTTP/1.1" 200 20568
INFO 2025-07-09 18:18:27,528 basehttp 41004 49644 "GET /static/admin/css/base.css HTTP/1.1" 304 0
INFO 2025-07-09 18:18:27,540 basehttp 41004 49644 "GET /static/admin/css/dark_mode.css HTTP/1.1" 304 0
INFO 2025-07-09 18:18:27,541 basehttp 41004 49644 "GET /static/admin/css/nav_sidebar.css HTTP/1.1" 304 0
INFO 2025-07-09 18:18:27,542 basehttp 41004 49644 "GET /static/admin/css/changelists.css HTTP/1.1" 304 0
INFO 2025-07-09 18:18:27,542 basehttp 41004 49644 "GET /static/admin/css/responsive.css HTTP/1.1" 304 0
INFO 2025-07-09 18:18:27,553 basehttp 41004 49644 "GET /admin/jsi18n/ HTTP/1.1" 200 8560
INFO 2025-07-09 18:18:27,555 basehttp 41004 49644 "GET /static/admin/js/vendor/jquery/jquery.js HTTP/1.1" 304 0
INFO 2025-07-09 18:18:27,555 basehttp 41004 49644 "GET /static/admin/js/jquery.init.js HTTP/1.1" 304 0
INFO 2025-07-09 18:18:27,556 basehttp 41004 49644 "GET /static/admin/js/core.js HTTP/1.1" 304 0
INFO 2025-07-09 18:18:27,557 basehttp 41004 49644 "GET /static/admin/js/admin/RelatedObjectLookups.js HTTP/1.1" 304 0
INFO 2025-07-09 18:18:27,559 basehttp 41004 49644 "GET /static/admin/js/actions.js HTTP/1.1" 304 0
INFO 2025-07-09 18:18:27,559 basehttp 41004 49644 "GET /static/admin/js/urlify.js HTTP/1.1" 304 0
INFO 2025-07-09 18:18:27,560 basehttp 41004 49644 "GET /static/admin/js/prepopulate.js HTTP/1.1" 304 0
INFO 2025-07-09 18:18:27,561 basehttp 41004 49644 "GET /static/admin/js/vendor/xregexp/xregexp.js HTTP/1.1" 304 0
INFO 2025-07-09 18:18:27,562 basehttp 41004 49644 "GET /static/admin/img/search.svg HTTP/1.1" 304 0
INFO 2025-07-09 18:18:27,772 basehttp 41004 49644 "GET /static/admin/js/theme.js HTTP/1.1" 304 0
INFO 2025-07-09 18:18:27,772 basehttp 41004 7532 "GET /static/admin/js/nav_sidebar.js HTTP/1.1" 304 0
INFO 2025-07-09 18:18:27,800 basehttp 41004 7532 "GET /static/admin/js/filters.js HTTP/1.1" 304 0
INFO 2025-07-09 18:18:27,801 basehttp 41004 49644 "GET /static/admin/img/icon-addlink.svg HTTP/1.1" 304 0
INFO 2025-07-09 18:18:27,801 basehttp 41004 7532 "GET /static/admin/img/tooltag-add.svg HTTP/1.1" 304 0
INFO 2025-07-09 18:18:27,802 basehttp 41004 49644 "GET /static/admin/img/sorting-icons.svg HTTP/1.1" 304 0
INFO 2025-07-09 18:18:29,950 basehttp 41004 49644 "GET /admin/awards/awardrecord/a29f7418-f54d-43db-854b-d7605f9acf7a/change/?_changelist_filters=award__competition__id__exact%3Dc64f825e-78cd-4144-b503-56f977befdea HTTP/1.1" 200 27934
INFO 2025-07-09 18:18:30,000 basehttp 41004 49644 "GET /static/admin/css/forms.css HTTP/1.1" 304 0
INFO 2025-07-09 18:18:30,004 basehttp 41004 49644 "GET /static/admin/img/icon-changelink.svg HTTP/1.1" 304 0
INFO 2025-07-09 18:18:30,028 basehttp 41004 7532 "GET /admin/jsi18n/ HTTP/1.1" 200 8560
INFO 2025-07-09 18:18:30,076 basehttp 41004 14928 "GET /static/admin/js/prepopulate_init.js HTTP/1.1" 304 0
INFO 2025-07-09 18:18:30,076 basehttp 41004 49644 "GET /static/admin/img/icon-viewlink.svg HTTP/1.1" 304 0
INFO 2025-07-09 18:18:30,077 basehttp 41004 7532 "GET /static/admin/css/widgets.css HTTP/1.1" 304 0
INFO 2025-07-09 18:18:30,101 basehttp 41004 14928 "GET /static/admin/js/change_form.js HTTP/1.1" 304 0
INFO 2025-07-09 18:18:30,101 basehttp 41004 7532 "GET /static/admin/img/icon-deletelink.svg HTTP/1.1" 304 0
INFO 2025-07-09 18:18:44,564 basehttp 41004 14928 "GET /admin/videos/video/add/?_to_field=id&_popup=1 HTTP/1.1" 200 17027
INFO 2025-07-09 18:18:44,579 basehttp 41004 7532 "GET /static/admin/js/calendar.js HTTP/1.1" 304 0
INFO 2025-07-09 18:18:44,579 basehttp 41004 49644 "GET /static/admin/js/admin/DateTimeShortcuts.js HTTP/1.1" 304 0
INFO 2025-07-09 18:18:44,604 basehttp 41004 14928 "GET /admin/jsi18n/ HTTP/1.1" 200 8560
INFO 2025-07-09 18:18:44,768 basehttp 41004 14928 "GET /static/admin/img/icon-calendar.svg HTTP/1.1" 304 0
INFO 2025-07-09 18:18:44,770 basehttp 41004 14928 "GET /static/admin/img/icon-clock.svg HTTP/1.1" 304 0
INFO 2025-07-09 18:19:04,866 basehttp 41004 14928 "GET /admin/auth/group/ HTTP/1.1" 200 13886
INFO 2025-07-09 18:19:04,920 basehttp 41004 14928 "GET /admin/jsi18n/ HTTP/1.1" 200 8560
INFO 2025-07-09 18:19:09,543 basehttp 41004 14928 "GET /admin/videos/videocomment/ HTTP/1.1" 200 26890
INFO 2025-07-09 18:19:09,575 basehttp 41004 49644 "GET /static/admin/img/icon-yes.svg HTTP/1.1" 304 0
INFO 2025-07-09 18:19:09,607 basehttp 41004 14928 "GET /admin/jsi18n/ HTTP/1.1" 200 8560
INFO 2025-07-09 18:19:24,384 basehttp 41004 14928 "GET /admin/users/userprofile/ HTTP/1.1" 200 19333
INFO 2025-07-09 18:19:24,428 basehttp 41004 14928 "GET /admin/jsi18n/ HTTP/1.1" 200 8560
INFO 2025-07-09 18:19:26,618 basehttp 41004 14928 "GET /admin/users/usersetting/ HTTP/1.1" 200 19507
INFO 2025-07-09 18:19:26,672 basehttp 41004 14928 "GET /admin/jsi18n/ HTTP/1.1" 200 8560
INFO 2025-07-09 18:19:28,858 basehttp 41004 14928 "GET /admin/users/user/ HTTP/1.1" 200 19883
INFO 2025-07-09 18:19:28,913 basehttp 41004 14928 "GET /admin/jsi18n/ HTTP/1.1" 200 8560
INFO 2025-07-09 18:19:30,960 basehttp 41004 14928 "GET /admin/users/usersetting/ HTTP/1.1" 200 19507
INFO 2025-07-09 18:19:31,016 basehttp 41004 14928 "GET /admin/jsi18n/ HTTP/1.1" 200 8560
INFO 2025-07-09 18:19:41,714 basehttp 41004 14928 "GET /admin/users/usersetting/add/ HTTP/1.1" 200 20236
INFO 2025-07-09 18:19:41,784 basehttp 41004 14928 "GET /admin/jsi18n/ HTTP/1.1" 200 8560
INFO 2025-07-09 18:58:53,250 basehttp 41004 32244 "GET /api/health/ HTTP/1.1" 200 78
INFO 2025-07-09 18:58:53,413 basehttp 41004 32244 "POST /api/auth/login/ HTTP/1.1" 200 938
INFO 2025-07-09 18:58:53,452 basehttp 41004 32244 "GET /api/videos/ HTTP/1.1" 200 2080
INFO 2025-07-09 18:58:53,477 basehttp 41004 32244 "GET /api/videos/afc351e0-a25f-4750-b7d1-8162dab21dc9/ HTTP/1.1" 200 750
ERROR 2025-07-09 18:58:53,528 log 41004 32244 Internal Server Error: /api/videos/afc351e0-a25f-4750-b7d1-8162dab21dc9/comments/
Traceback (most recent call last):
  File "C:\Users\Subway\miniconda3\Lib\site-packages\django\core\handlers\exception.py", line 55, in inner
    response = get_response(request)
               ^^^^^^^^^^^^^^^^^^^^^
  File "C:\Users\Subway\miniconda3\Lib\site-packages\django\core\handlers\base.py", line 197, in _get_response
    response = wrapped_callback(request, *callback_args, **callback_kwargs)
               ^^^^^^^^^^^^^^^^^^^^^^^^^^^^^^^^^^^^^^^^^^^^^^^^^^^^^^^^^^^^
  File "C:\Users\Subway\miniconda3\Lib\site-packages\django\views\decorators\csrf.py", line 56, in wrapper_view
    return view_func(*args, **kwargs)
           ^^^^^^^^^^^^^^^^^^^^^^^^^^
  File "C:\Users\Subway\miniconda3\Lib\site-packages\rest_framework\viewsets.py", line 125, in view
    return self.dispatch(request, *args, **kwargs)
           ^^^^^^^^^^^^^^^^^^^^^^^^^^^^^^^^^^^^^^^
  File "C:\Users\Subway\miniconda3\Lib\site-packages\rest_framework\views.py", line 509, in dispatch
    response = self.handle_exception(exc)
               ^^^^^^^^^^^^^^^^^^^^^^^^^^
  File "C:\Users\Subway\miniconda3\Lib\site-packages\rest_framework\views.py", line 469, in handle_exception
    self.raise_uncaught_exception(exc)
  File "C:\Users\Subway\miniconda3\Lib\site-packages\rest_framework\views.py", line 480, in raise_uncaught_exception
    raise exc
  File "C:\Users\Subway\miniconda3\Lib\site-packages\rest_framework\views.py", line 506, in dispatch
    response = handler(request, *args, **kwargs)
               ^^^^^^^^^^^^^^^^^^^^^^^^^^^^^^^^^
  File "C:\Users\Subway\cosplay_web\backend\apps\videos\views.py", line 95, in comments
    return Response(serializer.data)
                    ^^^^^^^^^^^^^^^
  File "C:\Users\Subway\miniconda3\Lib\site-packages\rest_framework\serializers.py", line 768, in data
    ret = super().data
          ^^^^^^^^^^^^
  File "C:\Users\Subway\miniconda3\Lib\site-packages\rest_framework\serializers.py", line 253, in data
    self._data = self.to_representation(self.instance)
                 ^^^^^^^^^^^^^^^^^^^^^^^^^^^^^^^^^^^^^
  File "C:\Users\Subway\miniconda3\Lib\site-packages\rest_framework\serializers.py", line 687, in to_representation
    self.child.to_representation(item) for item in iterable
    ^^^^^^^^^^^^^^^^^^^^^^^^^^^^^^^^^^
  File "C:\Users\Subway\miniconda3\Lib\site-packages\rest_framework\serializers.py", line 509, in to_representation
    attribute = field.get_attribute(instance)
                ^^^^^^^^^^^^^^^^^^^^^^^^^^^^^
  File "C:\Users\Subway\miniconda3\Lib\site-packages\rest_framework\fields.py", line 446, in get_attribute
    return get_attribute(instance, self.source_attrs)
           ^^^^^^^^^^^^^^^^^^^^^^^^^^^^^^^^^^^^^^^^^^
  File "C:\Users\Subway\miniconda3\Lib\site-packages\rest_framework\fields.py", line 96, in get_attribute
    instance = getattr(instance, attr)
               ^^^^^^^^^^^^^^^^^^^^^^^
  File "C:\Users\Subway\miniconda3\Lib\site-packages\django\db\models\fields\files.py", line 66, in url
    self._require_file()
  File "C:\Users\Subway\miniconda3\Lib\site-packages\django\db\models\fields\files.py", line 41, in _require_file
    raise ValueError(
ValueError: The 'avatar' attribute has no file associated with it.
ERROR 2025-07-09 18:58:53,529 basehttp 41004 32244 "GET /api/videos/afc351e0-a25f-4750-b7d1-8162dab21dc9/comments/ HTTP/1.1" 500 143851
INFO 2025-07-09 18:58:53,558 basehttp 41004 32244 "GET /api/groups/ HTTP/1.1" 200 2362
INFO 2025-07-09 18:58:53,582 basehttp 41004 32244 "GET /api/groups/cf40b32f-e7dc-41f4-b58b-bafbf9805653/ HTTP/1.1" 200 557
INFO 2025-07-09 18:58:53,614 basehttp 41004 32244 "GET /api/tags/ HTTP/1.1" 200 6068
INFO 2025-07-09 18:58:53,644 basehttp 41004 32244 "GET /api/performances/ HTTP/1.1" 200 1988
INFO 2025-07-09 18:58:53,674 basehttp 41004 32244 "GET /api/competitions/ HTTP/1.1" 200 1764
INFO 2025-07-09 18:58:53,707 basehttp 41004 32244 "GET /api/awards/ HTTP/1.1" 200 7397
INFO 2025-07-09 18:58:53,734 basehttp 41004 32244 "GET /api/auth/me/ HTTP/1.1" 200 447
WARNING 2025-07-09 18:58:53,763 log 41004 32244 Not Found: /api/users/profile/
WARNING 2025-07-09 18:58:53,765 basehttp 41004 32244 "GET /api/users/profile/ HTTP/1.1" 404 25
INFO 2025-07-09 18:58:53,779 basehttp 41004 32244 "GET /api/videos/?search=%E5%8E%9F%E7%A5%9E HTTP/1.1" 200 393
INFO 2025-07-09 18:58:53,823 basehttp 41004 32244 "GET /api/videos/?status=published HTTP/1.1" 200 2080
INFO 2025-07-09 18:58:53,845 basehttp 41004 32244 "GET /api/tags/?category=%E6%B8%B8%E6%88%8FIP HTTP/1.1" 200 6098
INFO 2025-07-09 18:58:53,874 basehttp 41004 32244 "GET /api/docs/ HTTP/1.1" 200 4477
INFO 2025-07-09 18:58:53,993 basehttp 41004 32244 "GET /api/schema/ HTTP/1.1" 200 93523
WARNING 2025-07-09 19:00:59,565 log 41004 32052 Not Found: /api/videos/featured/
WARNING 2025-07-09 19:00:59,565 basehttp 41004 32052 "GET /api/videos/featured/ HTTP/1.1" 404 25
WARNING 2025-07-09 19:02:15,226 log 41004 7388 Not Found: /api/videos/featured/
WARNING 2025-07-09 19:02:15,226 basehttp 41004 7388 "GET /api/videos/featured/ HTTP/1.1" 404 25
INFO 2025-07-09 19:02:21,943 basehttp 41004 32052 - Broken pipe from ('127.0.0.1', 59696)
INFO 2025-07-09 23:42:55,330 basehttp 41004 34468 "GET /admin/competitions/competition/ HTTP/1.1" 200 21257
INFO 2025-07-09 23:42:55,372 basehttp 41004 34468 "GET /static/admin/css/base.css HTTP/1.1" 304 0
INFO 2025-07-09 23:42:55,373 basehttp 41004 26476 "GET /static/admin/css/dark_mode.css HTTP/1.1" 304 0
INFO 2025-07-09 23:42:55,374 basehttp 41004 34468 "GET /static/admin/css/nav_sidebar.css HTTP/1.1" 304 0
INFO 2025-07-09 23:42:55,374 basehttp 41004 26476 "GET /static/admin/css/changelists.css HTTP/1.1" 304 0
INFO 2025-07-09 23:42:55,374 basehttp 41004 34468 "GET /static/admin/css/responsive.css HTTP/1.1" 304 0
INFO 2025-07-09 23:42:55,376 basehttp 41004 34468 "GET /static/admin/js/vendor/jquery/jquery.js HTTP/1.1" 304 0
INFO 2025-07-09 23:42:55,377 basehttp 41004 34468 "GET /static/admin/js/jquery.init.js HTTP/1.1" 304 0
INFO 2025-07-09 23:42:55,377 basehttp 41004 34468 "GET /static/admin/js/core.js HTTP/1.1" 304 0
INFO 2025-07-09 23:42:55,378 basehttp 41004 34468 "GET /static/admin/js/admin/RelatedObjectLookups.js HTTP/1.1" 304 0
INFO 2025-07-09 23:42:55,379 basehttp 41004 34468 "GET /static/admin/js/actions.js HTTP/1.1" 304 0
INFO 2025-07-09 23:42:55,379 basehttp 41004 34468 "GET /static/admin/js/urlify.js HTTP/1.1" 304 0
INFO 2025-07-09 23:42:55,380 basehttp 41004 34468 "GET /static/admin/js/prepopulate.js HTTP/1.1" 304 0
INFO 2025-07-09 23:42:55,381 basehttp 41004 34468 "GET /static/admin/js/vendor/xregexp/xregexp.js HTTP/1.1" 304 0
INFO 2025-07-09 23:42:55,381 basehttp 41004 34468 "GET /static/admin/img/search.svg HTTP/1.1" 304 0
INFO 2025-07-09 23:42:55,398 basehttp 41004 26476 "GET /admin/jsi18n/ HTTP/1.1" 200 8560
INFO 2025-07-09 23:42:55,624 basehttp 41004 34468 "GET /static/admin/js/nav_sidebar.js HTTP/1.1" 304 0
INFO 2025-07-09 23:42:55,624 basehttp 41004 26476 "GET /static/admin/js/theme.js HTTP/1.1" 304 0
INFO 2025-07-09 23:42:55,652 basehttp 41004 26476 "GET /static/admin/js/filters.js HTTP/1.1" 304 0
INFO 2025-07-09 23:42:55,656 basehttp 41004 26476 "GET /static/admin/img/icon-addlink.svg HTTP/1.1" 304 0
INFO 2025-07-09 23:42:55,656 basehttp 41004 34468 "GET /static/admin/img/tooltag-add.svg HTTP/1.1" 304 0
INFO 2025-07-09 23:42:55,656 basehttp 41004 17120 "GET /static/admin/img/sorting-icons.svg HTTP/1.1" 304 0
INFO 2025-07-09 23:42:59,847 basehttp 41004 17120 "GET /admin/videos/video/ HTTP/1.1" 200 22574
INFO 2025-07-09 23:42:59,893 basehttp 41004 17120 "GET /admin/jsi18n/ HTTP/1.1" 200 8560
INFO 2025-07-09 23:43:22,086 basehttp 41004 17120 "GET /admin/videos/video/afc351e0-a25f-4750-b7d1-8162dab21dc9/change/ HTTP/1.1" 200 27930
INFO 2025-07-09 23:43:22,122 basehttp 41004 17120 "GET /static/admin/css/forms.css HTTP/1.1" 304 0
INFO 2025-07-09 23:43:22,126 basehttp 41004 34468 "GET /static/admin/js/admin/DateTimeShortcuts.js HTTP/1.1" 304 0
INFO 2025-07-09 23:43:22,127 basehttp 41004 16092 "GET /static/admin/img/icon-deletelink.svg HTTP/1.1" 304 0
INFO 2025-07-09 23:43:22,127 basehttp 41004 26476 "GET /static/admin/js/calendar.js HTTP/1.1" 304 0
INFO 2025-07-09 23:43:22,127 basehttp 41004 7308 "GET /static/admin/img/icon-changelink.svg HTTP/1.1" 304 0
INFO 2025-07-09 23:43:22,135 basehttp 41004 17120 "GET /admin/jsi18n/ HTTP/1.1" 200 8560
INFO 2025-07-09 23:43:22,207 basehttp 41004 16092 "GET /static/admin/js/prepopulate_init.js HTTP/1.1" 304 0
INFO 2025-07-09 23:43:22,207 basehttp 41004 17120 "GET /static/admin/css/widgets.css HTTP/1.1" 304 0
INFO 2025-07-09 23:43:22,207 basehttp 41004 7308 "GET /static/admin/img/icon-viewlink.svg HTTP/1.1" 304 0
INFO 2025-07-09 23:43:22,216 basehttp 41004 7308 "GET /static/admin/js/change_form.js HTTP/1.1" 304 0
INFO 2025-07-09 23:43:22,239 basehttp 41004 7308 "GET /static/admin/img/tooltag-arrowright.svg HTTP/1.1" 200 280
INFO 2025-07-09 23:43:22,299 basehttp 41004 7308 "GET /static/admin/img/icon-calendar.svg HTTP/1.1" 304 0
INFO 2025-07-09 23:43:22,301 basehttp 41004 7308 "GET /static/admin/img/icon-clock.svg HTTP/1.1" 304 0
INFO 2025-07-09 23:43:29,752 basehttp 41004 7308 "GET /admin/groups/group/ HTTP/1.1" 200 20054
INFO 2025-07-09 23:43:29,788 basehttp 41004 17120 "GET /static/admin/img/icon-yes.svg HTTP/1.1" 304 0
INFO 2025-07-09 23:43:29,798 basehttp 41004 7308 "GET /admin/jsi18n/ HTTP/1.1" 200 8560
INFO 2025-07-09 23:43:29,869 basehttp 41004 7308 "GET /static/admin/img/icon-no.svg HTTP/1.1" 200 560
INFO 2025-07-09 23:43:32,377 basehttp 41004 7308 "GET /admin/groups/group/cf40b32f-e7dc-41f4-b58b-bafbf9805653/change/ HTTP/1.1" 200 27666
INFO 2025-07-09 23:43:32,424 basehttp 41004 7308 "GET /admin/jsi18n/ HTTP/1.1" 200 8560
INFO 2025-07-09 23:43:34,156 basehttp 41004 7308 "GET /admin/groups/group/ HTTP/1.1" 200 20054
INFO 2025-07-09 23:43:35,234 basehttp 41004 7308 "GET /admin/groups/group/6b238b1d-7211-4d7b-8da6-1811a1bd7562/change/ HTTP/1.1" 200 27824
INFO 2025-07-09 23:43:35,287 basehttp 41004 7308 "GET /admin/jsi18n/ HTTP/1.1" 200 8560
INFO 2025-07-09 23:44:01,035 basehttp 41004 7308 "GET /admin/performances/performancevideo/ HTTP/1.1" 200 18036
INFO 2025-07-09 23:44:01,088 basehttp 41004 7308 "GET /admin/jsi18n/ HTTP/1.1" 200 8560
INFO 2025-07-09 23:44:05,120 basehttp 41004 7308 "GET /admin/groups/groupmember/ HTTP/1.1" 200 22883
INFO 2025-07-09 23:44:05,186 basehttp 41004 7308 "GET /admin/jsi18n/ HTTP/1.1" 200 8560
INFO 2025-07-09 23:44:08,432 basehttp 41004 7308 "GET /admin/groups/groupmember/13/change/ HTTP/1.1" 200 22131
INFO 2025-07-09 23:44:08,489 basehttp 41004 7308 "GET /admin/jsi18n/ HTTP/1.1" 200 8560
INFO 2025-07-09 23:44:13,810 basehttp 41004 7308 "GET /admin/competitions/competition/ HTTP/1.1" 200 21257
INFO 2025-07-09 23:44:13,864 basehttp 41004 7308 "GET /admin/jsi18n/ HTTP/1.1" 200 8560
INFO 2025-07-09 23:44:16,627 basehttp 41004 7308 "GET /admin/awards/award/ HTTP/1.1" 200 30451
INFO 2025-07-09 23:44:16,677 basehttp 41004 7308 "GET /admin/jsi18n/ HTTP/1.1" 200 8560
INFO 2025-07-09 23:44:32,265 basehttp 41004 7308 "GET /admin/competitions/competition/ HTTP/1.1" 200 21257
INFO 2025-07-09 23:44:32,334 basehttp 41004 7308 "GET /admin/jsi18n/ HTTP/1.1" 200 8560
INFO 2025-07-09 23:44:34,726 basehttp 41004 7308 "GET /admin/groups/groupfollower/ HTTP/1.1" 200 21144
INFO 2025-07-09 23:44:34,783 basehttp 41004 7308 "GET /admin/jsi18n/ HTTP/1.1" 200 8560
INFO 2025-07-09 23:44:37,126 basehttp 41004 7308 "GET /admin/groups/group/ HTTP/1.1" 200 20054
INFO 2025-07-09 23:44:37,194 basehttp 41004 7308 "GET /admin/jsi18n/ HTTP/1.1" 200 8560
INFO 2025-07-09 23:44:39,943 basehttp 41004 7308 "GET /admin/videos/videofavorite/ HTTP/1.1" 200 21733
INFO 2025-07-09 23:44:40,008 basehttp 41004 7308 "GET /admin/jsi18n/ HTTP/1.1" 200 8560
INFO 2025-07-09 23:44:42,976 basehttp 41004 7308 "GET /admin/videos/videocomment/ HTTP/1.1" 200 26890
INFO 2025-07-09 23:44:43,025 basehttp 41004 7308 "GET /admin/jsi18n/ HTTP/1.1" 200 8560
INFO 2025-07-09 23:44:46,035 basehttp 41004 7308 "GET /admin/videos/video/ HTTP/1.1" 200 22574
INFO 2025-07-09 23:44:46,103 basehttp 41004 7308 "GET /admin/jsi18n/ HTTP/1.1" 200 8560
INFO 2025-07-09 23:44:49,347 basehttp 41004 7308 "GET /admin/videos/videorating/ HTTP/1.1" 200 21329
INFO 2025-07-09 23:44:49,393 basehttp 41004 7308 "GET /admin/jsi18n/ HTTP/1.1" 200 8560
INFO 2025-07-09 23:44:52,082 basehttp 41004 7308 "GET /admin/videos/videofavorite/ HTTP/1.1" 200 21733
INFO 2025-07-09 23:44:52,135 basehttp 41004 7308 "GET /admin/jsi18n/ HTTP/1.1" 200 8560
INFO 2025-07-09 23:45:00,537 basehttp 41004 7308 "GET /admin/videos/videofavorite/6/change/ HTTP/1.1" 200 18376
INFO 2025-07-09 23:45:00,587 basehttp 41004 7308 "GET /admin/jsi18n/ HTTP/1.1" 200 8560
